<?xml version="1.0" encoding="UTF-8"?>
<testsuite xmlns:xsi="http://www.w3.org/2001/XMLSchema-instance" xsi:noNamespaceSchemaLocation="https://maven.apache.org/surefire/maven-surefire-plugin/xsd/surefire-test-report-3.0.xsd" version="3.0" name="com.documind.pipeline.worker.ContractProcessingConsumerTest" time="0.591" tests="1" errors="0" skipped="0" failures="0">
  <properties>
[...]
</properties>
  <testcase name="testProcessContract_Success" classname="com.documind.pipeline.worker.ContractProcessingConsumerTest" time="0.586">
    <system-out><![CDATA[21:51:26.373 [main] INFO com.documind.pipeline.worker.ContractProcessingConsumer -- Kafka Consumer picked up contract processing for ID: 8ac056ea-d0c6-4369-b363-703530dc74c3
21:51:26.375 [main] INFO com.documind.pipeline.worker.ContractProcessingConsumer -- Downloading file from S3: key123
21:51:26.375 [main] INFO com.documind.pipeline.worker.ContractProcessingConsumer -- Extracted 22 characters from PDF.
21:51:26.375 [main] INFO com.documind.pipeline.worker.ContractProcessingConsumer -- Contract processing successfully completed and JSONB loaded! ID: 8ac056ea-d0c6-4369-b363-703530dc74c3
21:51:26.376 [main] WARN com.documind.pipeline.worker.ContractProcessingConsumer -- HIGH RISK DETECTED in Contract 8ac056ea-d0c6-4369-b363-703530dc74c3. Routing event to Legal Team stream...
]]></system-out>
  </testcase>
</testsuite>